<?xml version="1.0" encoding="UTF-8"?>
<!-- Generated by org.testng.reporters.JUnitXMLReporter -->
<testsuite ignored="0" hostname="MacBook-Air-Roman.local" failures="0" tests="4" name="Command line test" time="0.013" errors="0" timestamp="2022-10-18T20:32:43 GST">
  <testcase classname="FizzBuzzTest" name="testStartEqualsEndHappyPath" time="0.002"/>
  <testcase classname="FizzBuzzTest" name="testStartGreaterThanEndNegativePath" time="0.0"/>
  <testcase classname="FizzBuzzTest" name="testStartLessThanEndHappyPath" time="0.0"/>
  <testcase classname="FizzBuzzTest" name="testStartLessThanEndStartEndAreNegativeHappyPath" time="0.0"/>
</testsuite> <!-- Command line test -->
